<?xml version="1.0" encoding="UTF-8"?>
<!-- Generated by org.testng.reporters.JUnitReportReporter -->
<testsuite hostname="mohs-Latitude-5490" failures="0" tests="1" name="com.mohs10.scripts.THtest" time="496.181" errors="0" timestamp="2023-06-07T13:05:53 IST" skipped="0">
  <testcase classname="com.mohs10.scripts.THtest" name="Articles" time="496.181"/>
  <system-out/>
</testsuite> <!-- com.mohs10.scripts.THtest -->
